2026-04-02T22:49:44.863+05:30  INFO 28972 --- [log-anomaly-detector] [main] c.l.LogAnomalyDetectorApplication        : Starting LogAnomalyDetectorApplication using Java 17.0.12 with PID 28972 (C:\Users\kusha\Downloads\log-anomaly-system\log-anomaly-system\java-backend\target\classes started by kusha in C:\Users\kusha\Downloads\log-anomaly-system\log-anomaly-system\java-backend)
2026-04-02T22:49:44.866+05:30 DEBUG 28972 --- [log-anomaly-detector] [main] c.l.LogAnomalyDetectorApplication        : Running with Spring Boot v3.2.0, Spring v6.1.1
2026-04-02T22:49:44.867+05:30  INFO 28972 --- [log-anomaly-detector] [main] c.l.LogAnomalyDetectorApplication        : No active profile set, falling back to 1 default profile: "default"
2026-04-02T22:49:45.804+05:30  INFO 28972 --- [log-anomaly-detector] [main] .s.d.r.c.RepositoryConfigurationDelegate : Bootstrapping Spring Data JPA repositories in DEFAULT mode.
2026-04-02T22:49:45.851+05:30  INFO 28972 --- [log-anomaly-detector] [main] .s.d.r.c.RepositoryConfigurationDelegate : Finished Spring Data repository scanning in 40 ms. Found 2 JPA repository interfaces.
2026-04-02T22:49:46.559+05:30  INFO 28972 --- [log-anomaly-detector] [main] o.s.b.w.embedded.tomcat.TomcatWebServer  : Tomcat initialized with port 8080 (http)
2026-04-02T22:49:46.565+05:30  INFO 28972 --- [log-anomaly-detector] [main] o.apache.catalina.core.StandardService   : Starting service [Tomcat]
2026-04-02T22:49:46.566+05:30  INFO 28972 --- [log-anomaly-detector] [main] o.apache.catalina.core.StandardEngine    : Starting Servlet engine: [Apache Tomcat/10.1.16]
2026-04-02T22:49:46.617+05:30  INFO 28972 --- [log-anomaly-detector] [main] o.a.c.c.C.[Tomcat].[localhost].[/]       : Initializing Spring embedded WebApplicationContext
2026-04-02T22:49:46.618+05:30  INFO 28972 --- [log-anomaly-detector] [main] w.s.c.ServletWebServerApplicationContext : Root WebApplicationContext: initialization completed in 1695 ms
2026-04-02T22:49:46.734+05:30  INFO 28972 --- [log-anomaly-detector] [main] com.zaxxer.hikari.HikariDataSource       : HikariPool-1 - Starting...
2026-04-02T22:49:46.909+05:30  INFO 28972 --- [log-anomaly-detector] [main] com.zaxxer.hikari.pool.HikariPool        : HikariPool-1 - Added connection conn0: url=jdbc:h2:mem:logdb user=SA
2026-04-02T22:49:46.910+05:30  INFO 28972 --- [log-anomaly-detector] [main] com.zaxxer.hikari.HikariDataSource       : HikariPool-1 - Start completed.
2026-04-02T22:49:46.917+05:30  INFO 28972 --- [log-anomaly-detector] [main] o.s.b.a.h2.H2ConsoleAutoConfiguration    : H2 console available at '/h2-console'. Database available at 'jdbc:h2:mem:logdb'
2026-04-02T22:49:47.091+05:30  INFO 28972 --- [log-anomaly-detector] [main] o.hibernate.jpa.internal.util.LogHelper  : HHH000204: Processing PersistenceUnitInfo [name: default]
2026-04-02T22:49:47.170+05:30  INFO 28972 --- [log-anomaly-detector] [main] org.hibernate.Version                    : HHH000412: Hibernate ORM core version 6.3.1.Final
2026-04-02T22:49:47.203+05:30  INFO 28972 --- [log-anomaly-detector] [main] o.h.c.internal.RegionFactoryInitiator    : HHH000026: Second-level cache disabled
2026-04-02T22:49:47.404+05:30  INFO 28972 --- [log-anomaly-detector] [main] o.s.o.j.p.SpringPersistenceUnitInfo      : No LoadTimeWeaver setup: ignoring JPA class transformer
2026-04-02T22:49:47.443+05:30  WARN 28972 --- [log-anomaly-detector] [main] org.hibernate.orm.deprecation            : HHH90000025: H2Dialect does not need to be specified explicitly using 'hibernate.dialect' (remove the property setting and it will be selected by default)
2026-04-02T22:49:48.098+05:30  INFO 28972 --- [log-anomaly-detector] [main] o.h.e.t.j.p.i.JtaPlatformInitiator       : HHH000489: No JTA platform available (set 'hibernate.transaction.jta.platform' to enable JTA platform integration)
2026-04-02T22:49:48.131+05:30  INFO 28972 --- [log-anomaly-detector] [main] j.LocalContainerEntityManagerFactoryBean : Initialized JPA EntityManagerFactory for persistence unit 'default'
2026-04-02T22:49:48.446+05:30  INFO 28972 --- [log-anomaly-detector] [main] o.s.d.j.r.query.QueryEnhancerFactory     : Hibernate is in classpath; If applicable, HQL parser will be used.
2026-04-02T22:49:48.924+05:30  WARN 28972 --- [log-anomaly-detector] [main] JpaBaseConfiguration$JpaWebConfiguration : spring.jpa.open-in-view is enabled by default. Therefore, database queries may be performed during view rendering. Explicitly configure spring.jpa.open-in-view to disable this warning
2026-04-02T22:49:49.332+05:30  INFO 28972 --- [log-anomaly-detector] [main] o.s.b.a.e.web.EndpointLinksResolver      : Exposing 3 endpoint(s) beneath base path '/actuator'
2026-04-02T22:49:49.754+05:30  INFO 28972 --- [log-anomaly-detector] [main] o.s.b.w.embedded.tomcat.TomcatWebServer  : Tomcat started on port 8080 (http) with context path ''
2026-04-02T22:49:49.766+05:30  INFO 28972 --- [log-anomaly-detector] [main] c.l.LogAnomalyDetectorApplication        : Started LogAnomalyDetectorApplication in 5.402 seconds (process running for 5.801)
2026-04-02T22:49:49.973+05:30  INFO 28972 --- [log-anomaly-detector] [main] com.loganalyzer.config.DataInitializer   : Seeded admin user (password: admin123)
2026-04-02T22:49:50.048+05:30  INFO 28972 --- [log-anomaly-detector] [main] com.loganalyzer.config.DataInitializer   : Seeded demo user (password: user123)
2026-04-02T22:49:50.071+05:30  INFO 28972 --- [log-anomaly-detector] [main] com.loganalyzer.config.DataInitializer   : Seeded 13 sample log entries
2026-04-02T22:52:08.574+05:30  INFO 28972 --- [log-anomaly-detector] [http-nio-8080-exec-1] o.a.c.c.C.[Tomcat].[localhost].[/]       : Initializing Spring DispatcherServlet 'dispatcherServlet'
2026-04-02T22:52:08.574+05:30  INFO 28972 --- [log-anomaly-detector] [http-nio-8080-exec-1] o.s.web.servlet.DispatcherServlet        : Initializing Servlet 'dispatcherServlet'
2026-04-02T22:52:08.578+05:30  INFO 28972 --- [log-anomaly-detector] [http-nio-8080-exec-1] o.s.web.servlet.DispatcherServlet        : Completed initialization in 4 ms
2026-04-02T22:52:08.610+05:30  WARN 28972 --- [log-anomaly-detector] [http-nio-8080-exec-1] o.s.w.s.h.HandlerMappingIntrospector     : Cache miss for REQUEST dispatch to '/api/logs/stats' (previous null). Performing CorsConfiguration lookup. This is logged once only at WARN level, and every time at TRACE.
2026-04-02T22:52:08.656+05:30  WARN 28972 --- [log-anomaly-detector] [http-nio-8080-exec-1] o.s.w.s.h.HandlerMappingIntrospector     : Cache miss for REQUEST dispatch to '/api/logs/stats' (previous null). Performing MatchableHandlerMapping lookup. This is logged once only at WARN level, and every time at TRACE.
2026-04-02T22:53:41.589+05:30 DEBUG 28972 --- [log-anomaly-detector] [http-nio-8080-exec-6] c.l.service.PythonMLClientService        : ML prediction for log 14: anomaly=true, score=0.5258
2026-04-02T22:53:41.606+05:30  WARN 28972 --- [log-anomaly-detector] [http-nio-8080-exec-6] c.l.service.LogAnalysisService           : Anomaly flagged: log id=14 score=0.5258
2026-04-02T22:53:41.606+05:30  WARN 28972 --- [log-anomaly-detector] [http-nio-8080-exec-6] com.loganalyzer.service.AlertService     : 🚨 ANOMALY DETECTED | id=14 level=ERROR score={:.2f} | 0.5258
2026-04-02T23:04:00.490+05:30  WARN 28972 --- [log-anomaly-detector] [http-nio-8080-exec-1] .w.s.m.s.DefaultHandlerExceptionResolver : Resolved [org.springframework.http.converter.HttpMessageNotReadableException: Required request body is missing: public org.springframework.http.ResponseEntity<com.loganalyzer.dto.Dtos$ApiResponse<com.loganalyzer.model.LogEntry>> com.loganalyzer.controller.LogController.ingest(com.loganalyzer.dto.Dtos$LogIngestRequest)]
2026-04-02T23:04:14.047+05:30  WARN 28972 --- [log-anomaly-detector] [http-nio-8080-exec-3] .w.s.m.s.DefaultHandlerExceptionResolver : Resolved [org.springframework.http.converter.HttpMessageNotReadableException: Required request body is missing: public org.springframework.http.ResponseEntity<com.loganalyzer.dto.Dtos$ApiResponse<com.loganalyzer.model.LogEntry>> com.loganalyzer.controller.LogController.ingest(com.loganalyzer.dto.Dtos$LogIngestRequest)]
2026-04-02T23:12:46.237+05:30 DEBUG 28972 --- [log-anomaly-detector] [http-nio-8080-exec-5] c.l.service.PythonMLClientService        : ML prediction for log 15: anomaly=true, score=0.542
2026-04-02T23:12:46.237+05:30  WARN 28972 --- [log-anomaly-detector] [http-nio-8080-exec-5] c.l.service.LogAnalysisService           : Anomaly flagged: log id=15 score=0.542
2026-04-02T23:12:46.237+05:30  WARN 28972 --- [log-anomaly-detector] [http-nio-8080-exec-5] com.loganalyzer.service.AlertService     : 🚨 ANOMALY DETECTED | id=15 level=ERROR score={:.2f} | 0.542
2026-04-02T23:30:24.959+05:30  INFO 28972 --- [log-anomaly-detector] [SpringApplicationShutdownHook] j.LocalContainerEntityManagerFactoryBean : Closing JPA EntityManagerFactory for persistence unit 'default'
2026-04-02T23:30:24.964+05:30  INFO 28972 --- [log-anomaly-detector] [SpringApplicationShutdownHook] com.zaxxer.hikari.HikariDataSource       : HikariPool-1 - Shutdown initiated...
2026-04-02T23:30:24.966+05:30  INFO 28972 --- [log-anomaly-detector] [SpringApplicationShutdownHook] com.zaxxer.hikari.HikariDataSource       : HikariPool-1 - Shutdown completed.
